2020-03-13 11:09:01:91 [32minfo[39m: GET /api/users 304 3ms
2020-03-13 11:09:07:97 [32minfo[39m: GET /api/users 304 2ms
2020-03-13 11:09:08:98 [32minfo[39m: GET /api/users 304 1ms
2020-03-13 11:09:09:99 [32minfo[39m: GET /api/users 304 1ms
2020-03-13 11:09:25:925 [32minfo[39m: HTTP GET /api/users
2020-03-13 11:09:26:926 [32minfo[39m: HTTP GET /api/users
2020-03-13 11:09:27:927 [32minfo[39m: HTTP GET /api/users
2020-03-13 11:09:28:928 [32minfo[39m: HTTP GET /api/users
2020-03-13 11:09:53:953 [32minfo[39m: GET /api/users 304 3ms
2020-03-13 11:09:53:953 [32minfo[39m: GET /api/users 304 2ms
2020-03-13 11:10:01:101 [32minfo[39m: GET /api/users 200 4ms
2020-03-13 11:10:02:102 [32minfo[39m: GET /api/users 304 1ms
2020-03-13 11:10:03:103 [32minfo[39m: GET /api/users 304 2ms
2020-03-13 11:13:31:1331 [32minfo[39m: GET /api/users 304 4ms
2020-03-13 11:13:33:1333 [32minfo[39m: GET /api/users 304 1ms
2020-03-13 11:13:34:1334 [32minfo[39m: GET /api/users 304 2ms
2020-03-13 11:17:53:1753 [32minfo[39m: GET /api/users 304 3ms
2020-03-13 11:17:54:1754 [32minfo[39m: GET /api/users 304 2ms
2020-03-13 11:17:55:1755 [32minfo[39m: GET /api/users 304 1ms
2020-03-13 11:17:56:1756 [32minfo[39m: GET /api/users 304 1ms
2020-03-13 11:17:58:1758 [32minfo[39m: GET /api/users 304 2ms
2020-03-13 11:19:32:1932 : GET /api/users 304 4ms
2020-03-13 11:19:33:1933 : GET /api/users 304 2ms
2020-03-13 11:22:59:2259 - GET /api/users 304 4ms
2020-03-13 11:23:00:230 - GET /api/users 304 2ms
2020-03-13 11:23:02:232 - GET /api/users 304 3ms
2020-03-13 11:23:46:2346 - GET /api/users 304 3ms
2020-03-13 11:23:47:2347 - GET /api/users 304 1ms
2020-03-13 11:23:48:2348 - GET /api/users 304 1ms
2020-03-13 12:15:42:1542 - GET /api/usersssss 404 1ms
2020-03-13 12:16:32:1632 - GET /api/usersssss 404 0ms
2020-03-13 12:16:32:1632 - GET /api/usersssss 404 0ms
2020-03-13 13:48:33:4833 - GET /api/users 401 1ms
2020-03-13 13:49:16:4916 - GET /api/users 401 0ms
2020-03-13 13:49:26:4926 - GET /api/users 401 0ms
2020-03-13 13:49:36:4936 - GET /api/users 200 5ms
2020-03-13 13:55:18:5518 - GET /api/users/pp@b.dk 401 1ms
2020-03-13 13:55:27:5527 - GET /api/users/pp@b.dk 401 2ms
2020-03-13 14:01:09:19 - GET /api/users/two@user.dk 401 0ms
2020-03-13 14:01:14:114 - GET /api/users/two@user.dk 401 3ms
2020-03-13 14:01:23:123 - GET /api/users/two@user.dk 401 0ms
2020-03-13 14:01:27:127 - GET /api/users/two@user.dk 200 3ms
2020-03-13 14:04:07:47 - GET /api/users/two@user.dk 304 2ms
2020-03-13 14:04:29:429 - GET /api/users/two@user.dk 401 0ms
2020-03-13 14:04:45:445 - GET /api/users/two@user.dk 401 0ms
2020-03-13 14:04:50:450 - GET /api/users/two@user.dk 401 1ms
2020-03-13 14:04:54:454 - GET /api/users/two@user.dk 401 2ms
2020-03-13 14:05:12:512 - GET /api/users/two@user.dk 401 0ms
2020-03-13 14:05:18:518 - GET /api/users/two@user.dk 401 2ms
2020-03-13 14:06:14:614 - GET /api/users/two@user.dk 401 1ms
2020-03-13 14:06:27:627 - GET /api/users/two@user.dk 401 4ms
2020-03-13 14:07:21:721 - GET /api/users/two@user.dk 401 0ms
2020-03-13 14:07:23:723 - GET /api/users/two@user.dk 401 0ms
2020-03-13 14:13:12:1312 - GET /api/users/two@user.dk 401 1ms
2020-03-13 14:13:25:1325 - GET /api/users/two@user.dk 401 3ms
2020-03-13 14:13:52:1352 - GET /api/users/two@user.dk 401 1ms
2020-03-13 14:13:59:1359 - GET /api/users/two@user.dk 401 2ms
2020-03-13 14:18:21:1821 - GET /api/users/two@user.dk 401 1ms
2020-03-13 14:18:29:1829 - GET /api/users/two@user.dk 401 5ms
2020-03-13 14:25:53:2553 - GET /api/users/two@user.dk 401 1ms
2020-03-13 14:27:12:2712 - GET /api/users/two@user.dk 401 5ms
2020-03-13 14:28:44:2844 - GET /api/users/two@user.dk 401 1ms
2020-03-13 14:28:55:2855 - GET /api/users/two@user.dk 401 5ms
2020-03-13 14:30:06:306 - GET /api/users/two@user.dk 401 1ms
2020-03-13 14:30:15:3015 - GET /api/users/two@user.dk 401 1ms
2020-03-13 14:31:57:3157 - GET /api/users/two@user.dk 401 0ms
2020-03-13 14:32:04:324 - GET /api/users/two@user.dk 401 4ms
2020-03-13 14:32:34:3234 - GET /api/users/two@user.dk 401 1ms
2020-03-13 14:32:43:3243 - GET /api/users/two@user.dk 403 5ms
2020-03-13 14:35:58:3558 - GET /api/users/two@user.dk 401 0ms
2020-03-13 14:36:05:365 - GET /api/users/two@user.dk 401 4ms
2020-03-13 14:37:33:3733 - GET /api/users/two@user.dk 401 1ms
2020-03-13 14:37:43:3743 - GET /api/users/two@user.dk 401 4ms
2020-03-13 14:54:42:5442 - GET /api/users/two@user.dk 401 1ms
2020-03-13 14:55:20:5520 - GET /api/users/two@user.dk 403 4ms
2020-03-13 14:55:59:5559 - GET /api/users/two@user.dk 401 5ms
2020-03-13 14:56:24:5624 - GET /api/users/two@user.dk 401 1ms
2020-03-13 14:56:38:5638 - GET /api/users/two@user.dk 401 2ms
2020-03-13 15:00:23:023 - GET /api/users/two@user.dk 401 1ms
2020-03-13 15:00:33:033 - GET /api/users/two@user.dk 401 4ms
2020-03-13 15:02:51:251 - GET /api/users/two@user.dk 401 0ms
2020-03-13 15:02:52:252 - GET /api/users/two@user.dk 401 0ms
2020-03-13 15:03:01:31 - GET /api/users/two@user.dk 401 1ms
2020-03-13 15:03:02:32 - GET /api/users/two@user.dk 401 0ms
2020-03-13 15:03:53:353 - GET /api/users/two@user.dk 401 1ms
2020-03-13 15:04:02:42 - GET /api/users/two@user.dk 401 0ms
2020-03-13 15:04:50:450 - GET /api/users/two@user.dk 401 1ms
2020-03-13 15:05:56:556 - GET /api/users/two@user.dk 401 1ms
2020-03-13 15:06:01:61 - GET /api/users/two@user.dk 403 3ms
2020-03-13 15:06:40:640 - GET /api/users/two@user.dk 401 0ms
2020-03-13 15:06:48:648 - GET /api/users/two@user.dk 401 3ms
2020-03-13 15:20:44:2044 - GET /api/users/two@user.dk 401 1ms
2020-03-13 15:20:52:2052 - GET /api/users/two@user.dk 500 10ms
2020-03-13 15:24:16:2416 - GET /api/users/two@user.dk 401 0ms
2020-03-13 15:24:27:2427 - GET /api/users/two@user.dk 401 3ms
2020-03-13 15:26:10:2610 - GET /api/users/two@user.dk 401 1ms
2020-03-13 15:26:19:2619 - GET /api/users/two@user.dk 401 4ms
2020-03-13 15:28:02:282 - GET /api/users/two@user.dk 401 0ms
2020-03-13 15:28:10:2810 - GET /api/users/two@user.dk 401 4ms
2020-03-13 15:29:24:2924 - GET /api/users/two@user.dk 401 0ms
2020-03-13 15:29:27:2927 - GET /api/users/two@user.dk 401 1ms
2020-03-13 15:29:39:2939 - GET /api/users/two@user.dk 401 3ms
2020-03-13 15:30:39:3039 - GET /api/users/two@user.dk 401 0ms
2020-03-13 15:30:50:3050 - GET /api/users/two@user.dk 401 3ms
2020-03-13 15:31:33:3133 - GET /api/users/two@user.dk 401 1ms
2020-03-13 15:31:48:3148 - GET /api/users/two@user.dk 500 9ms
2020-03-13 15:32:13:3213 - GET /api/users/two@user.dk 401 10ms
2020-03-13 15:32:17:3217 - GET /api/users/two@user.dk 401 0ms
2020-03-13 15:32:25:3225 - GET /api/users/two@user.dk 401 2ms
2020-03-13 15:33:10:3310 - GET /api/users/two@user.dk 401 1ms
2020-03-13 15:33:27:3327 - GET /api/users/two@user.dk 200 4ms
2020-03-13 15:33:40:3340 - GET /api/users/two@user.dk 401 0ms
2020-03-13 15:33:47:3347 - GET /api/users/two@user.dk 200 2ms
2020-03-13 15:41:02:412 - GET /api/users/two@user.dk 401 0ms
2020-03-13 15:41:39:4139 - GET /api/users/two@user.dk 403 4ms
2020-03-13 15:42:22:4222 - GET /api/users/two@user.dk 401 1ms
2020-03-13 15:42:35:4235 - GET /api/users/two@user.dk 403 2ms
2020-03-13 15:43:39:4339 - GET /api/users/two@user.dk 401 1ms
2020-03-13 15:43:45:4345 - GET /api/users/two@user.dk 500 10ms
2020-03-13 15:46:04:464 - GET /api/dummy 200 2ms
2020-03-13 15:46:08:468 - GET /api/dummyyyyyy 404 1ms
2020-03-13 15:57:31:5731 - GET /api/dummy 304 2ms
2020-03-13 15:57:42:5742 - GET /api/dummy 304 0ms
2020-03-13 15:57:51:5751 - GET /api/users/two@user.dk 401 1ms
2020-03-13 15:58:05:585 - GET /api/users/two@user.dk 403 1ms
2020-03-13 15:58:18:5818 - GET /api/users/two@user.dk 403 1ms
2020-03-13 15:58:30:5830 - GET /api/users/two@user.dk 401 0ms
2020-03-13 15:58:41:5841 - GET /api/users/two@user.dk 200 2ms
2020-03-13 16:01:39:139 - GET /api/users/two@user.dk 401 1ms
2020-03-13 16:01:49:149 - GET /api/users/two@user.dk 403 3ms
2020-03-13 16:02:13:213 - GET /api/users/user/me 404 2ms
2020-03-13 16:02:37:237 - GET /api/users/user/me 401 0ms
2020-03-13 16:02:46:246 - GET /api/users/user/me 404 3ms
2020-03-13 16:09:51:951 - GET /api/users/user/me 401 1ms
2020-03-13 16:10:02:102 - GET /api/users/user/me 200 5ms
2020-03-17 11:44:49:4449 - GET /api/users 401 1ms
2020-03-17 11:45:33:4533 - GET /api/users 200 5ms
2020-03-17 11:45:33:4533 - GET /favicon.ico 404 1ms
2020-03-17 11:45:59:4559 - GET /api/users/two@user.dk 401 1ms
2020-03-17 11:46:07:467 - GET /api/users/two@user.dk 403 1ms
2020-03-17 11:47:19:4719 - GET /api/userssssss 404 1ms
2020-03-17 11:48:11:4811 - GET /api/dummy 200 1ms
2020-03-17 11:48:14:4814 - GET /api/dummyyy 404 0ms
2020-03-17 11:58:12:5812 - GET /api/dummy 200 2ms
2020-03-17 12:34:15:3415 - GET /api/dummy 200 2ms
2020-03-17 12:34:34:3434 - GET /api/dummy 200 2ms
2020-03-17 12:41:45:4145 - GET /api/dummy 200 1ms
2020-03-17 12:43:47:4347 - GET /api/dummy 200 2ms
2020-03-17 12:44:12:4412 - GET /api/dummy 200 1ms
2020-03-17 12:44:59:4459 - GET /api/dummy 200 2ms
2020-03-17 12:51:18:5118 - GET /api/dummy 200 2ms
2020-03-17 12:51:54:5154 - GET /api/dummy 200 2ms
2020-03-17 13:05:54:554 - GET /api/dummy 304 2ms
2020-03-17 13:07:53:753 - GET /api/dummy 304 2ms
2020-03-17 13:53:47:5347 - GET /api/dummy 200 1ms
2020-03-17 13:55:04:554 - GET /api/dummy 200 2ms
2020-03-17 13:56:12:5612 - GET /api/dummy 200 2ms
2020-03-17 13:58:20:5820 - GET /api/dummy 200 2ms
2020-03-17 14:03:02:32 - GET /api/dummy 200 1ms
2020-03-17 15:54:02:542 - GET /api/dummy 200 1ms
2020-03-17 15:54:02:542 - GET /api/users/dd@b.dk 404 4ms
2020-03-17 15:54:04:544 - GET /api/dummy 200 0ms
2020-03-17 15:54:43:5443 - GET /api/dummy 200 2ms
2020-03-17 15:54:43:5443 - GET /api/users/two@user.dk 200 5ms
2020-03-17 15:54:45:5445 - GET /api/dummy 200 0ms
2020-03-17 15:55:50:5550 - GET /api/dummy 200 1ms
2020-03-17 15:55:50:5550 - GET /api/users/two@user.dk 200 4ms
2020-03-17 15:55:51:5551 - GET /api/dummy 200 0ms
2020-03-17 15:56:07:567 - GET /api/dummy 200 2ms
2020-03-17 15:56:07:567 - GET /api/users/two@user.dk 200 3ms
2020-03-17 15:56:33:5633 - GET /api/dummy 200 1ms
2020-03-17 15:56:33:5633 - GET /api/users/two@user.dk 200 4ms
2020-03-17 15:57:28:5728 - GET /api/dummy 200 2ms
2020-03-17 15:57:28:5728 - GET /api/users/two@user.dk 200 3ms
2020-03-17 15:58:07:587 - GET /api/dummy 304 2ms
2020-03-17 15:58:07:587 - GET /favicon.ico 404 1ms
2020-03-17 15:58:56:5856 - GET /api/dummy 200 2ms
2020-03-17 15:58:56:5856 - GET /api/users/two@user.dk 200 4ms
2020-03-17 15:59:39:5939 - GET /api/dummy 200 1ms
2020-03-17 16:00:50:050 - GET /api/dummy 200 2ms
2020-03-17 16:01:03:13 - GET /api/dummy 304 1ms
2020-03-17 16:01:44:144 - GET /api/dummy 200 1ms
2020-03-17 16:04:48:448 - GET /api/dummy 200 2ms
2020-03-17 16:06:20:620 - GET /api/dummy 200 2ms
2020-03-17 16:07:04:74 - GET /api/dummy 200 1ms
2020-03-17 16:08:31:831 - GET /api/dummy 200 2ms
2020-03-17 16:08:51:851 - GET /api/dummy 200 1ms
2020-03-17 16:14:30:1430 - GET /api/dummy 200 1ms
2020-03-17 16:16:54:1654 - GET /api/dummy 200 1ms
2020-03-17 16:19:21:1921 - GET /api/dummy 200 2ms
2020-03-17 16:19:57:1957 - GET /api/dummy 200 1ms
2020-03-17 16:20:18:2018 - GET /api/dummy 200 2ms
2020-03-17 18:19:25:1925 - GET /api/dummy 200 2ms
2020-03-17 18:19:49:1949 - GET /api/dummy 200 2ms
2020-03-17 18:19:49:1949 - GET /api/users/two@user.dk 200 3ms
2020-03-17 18:22:46:2246 - GET /api/dummy 200 1ms
2020-03-17 18:22:46:2246 - GET /api/users/two@user.dk 200 2ms
2020-03-17 18:22:46:2246 - POST /api/users 200 75ms
2020-03-17 18:23:53:2353 - GET /api/dummy 200 2ms
2020-03-17 18:23:53:2353 - GET /api/users/two@user.dk 200 5ms
2020-03-17 18:23:53:2353 - POST /api/users 200 76ms
2020-03-17 18:24:27:2427 - GET /api/dummy 200 2ms
2020-03-17 18:24:28:2428 - GET /api/users/two@user.dk 200 3ms
2020-03-17 18:24:28:2428 - POST /api/users 200 74ms
2020-03-17 18:27:10:2710 - GET /api/dummy 200 2ms
2020-03-17 18:27:10:2710 - GET /api/users/two@user.dk 200 3ms
2020-03-17 18:27:10:2710 - GET /api/users/wrong 401 2ms
2020-03-17 18:27:10:2710 - POST /api/users 200 75ms
2020-03-17 18:29:19:2919 - GET /api/dummy 200 2ms
2020-03-17 18:29:19:2919 - GET /api/users/two@user.dk 200 3ms
2020-03-17 18:29:19:2919 - GET /api/users/idontexist 404 3ms
2020-03-17 18:29:19:2919 - POST /api/users 200 74ms
2020-03-17 18:29:56:2956 - GET /api/dummy 200 2ms
2020-03-17 18:29:56:2956 - GET /api/users/two@user.dk 200 3ms
2020-03-17 18:29:56:2956 - GET /api/users/idontexist 404 2ms
2020-03-17 18:29:56:2956 - POST /api/users 200 74ms
2020-03-17 18:35:09:359 - GET /api/dummy 200 1ms
2020-03-17 18:35:09:359 - GET /api/users/two@user.dk 200 4ms
2020-03-17 18:35:09:359 - GET /api/users/idontexist 404 4ms
2020-03-17 18:35:09:359 - GET /api/users/two@user.dk 403 1ms
2020-03-17 18:35:09:359 - POST /api/users 200 75ms
2020-03-17 18:40:01:401 - GET /api/dummy 200 1ms
2020-03-17 18:40:01:401 - GET /api/users/two@user.dk 200 4ms
2020-03-17 18:40:01:401 - GET /api/users/idontexist 404 2ms
2020-03-17 18:40:01:401 - GET /api/users/two@user.dk 403 1ms
2020-03-17 18:40:01:401 - POST /api/users 200 76ms
2020-03-17 18:40:01:401 - GET /api/users/user/me 200 3ms
2020-03-17 18:42:36:4236 - GET /api/dummy 200 1ms
2020-03-17 18:42:36:4236 - GET /api/users/two@user.dk 200 3ms
2020-03-17 18:42:36:4236 - GET /api/users/idontexist 404 3ms
2020-03-17 18:42:36:4236 - GET /api/users/two@user.dk 403 2ms
2020-03-17 18:42:36:4236 - POST /api/users 200 75ms
2020-03-17 18:42:36:4236 - GET /api/users/user/me 200 3ms
2020-03-17 18:42:36:4236 - GET /api/users 200 3ms
2020-03-17 18:43:06:436 - GET /api/dummy 200 2ms
2020-03-17 18:43:06:436 - GET /api/users/two@user.dk 200 5ms
2020-03-17 18:43:06:436 - GET /api/users/idontexist 404 2ms
2020-03-17 18:43:06:436 - GET /api/users/two@user.dk 403 2ms
2020-03-17 18:43:06:436 - POST /api/users 200 75ms
2020-03-17 18:43:06:436 - GET /api/users/user/me 200 3ms
2020-03-17 18:43:06:436 - GET /api/users 200 2ms
2020-03-17 18:43:49:4349 - GET /api/users 200 4ms
2020-03-17 18:47:24:4724 - GET /api/dummy 200 1ms
2020-03-17 18:47:24:4724 - GET /api/users/two@user.dk 200 3ms
2020-03-17 18:47:24:4724 - GET /api/users/idontexist 404 3ms
2020-03-17 18:47:24:4724 - GET /api/users/two@user.dk 403 1ms
2020-03-17 18:47:25:4725 - POST /api/users 200 75ms
2020-03-17 18:47:25:4725 - GET /api/users/user/me 200 3ms
2020-03-17 18:47:25:4725 - GET /api/users 200 2ms
2020-03-17 18:50:31:5031 - GET /api/dummy 200 1ms
2020-03-17 18:50:31:5031 - GET /api/users/two@user.dk 200 4ms
2020-03-17 18:50:31:5031 - GET /api/users/idontexist 404 3ms
2020-03-17 18:50:31:5031 - GET /api/users/two@user.dk 403 2ms
2020-03-17 18:50:32:5032 - POST /api/users 200 74ms
2020-03-17 18:50:32:5032 - GET /api/users/user/me 200 3ms
2020-03-17 18:50:32:5032 - GET /api/users 200 4ms
2020-03-17 18:54:35:5435 - GET /api/dummy 200 2ms
2020-03-17 18:54:35:5435 - GET /api/users/two@user.dk 200 5ms
2020-03-17 18:54:35:5435 - GET /api/users/idontexist 404 4ms
2020-03-17 18:54:35:5435 - GET /api/users/two@user.dk 403 1ms
2020-03-17 18:54:35:5435 - POST /api/users 200 74ms
2020-03-17 18:54:35:5435 - GET /api/users/user/me 200 3ms
2020-03-17 18:54:35:5435 - GET /api/users 200 3ms
2020-03-17 18:54:35:5435 - DELETE /api/users/dd@b.dk 401 2ms
2020-03-17 18:54:50:5450 - GET /api/dummy 200 1ms
2020-03-17 18:54:50:5450 - GET /api/users/two@user.dk 200 4ms
2020-03-17 18:54:50:5450 - GET /api/users/idontexist 404 3ms
2020-03-17 18:54:50:5450 - GET /api/users/two@user.dk 403 1ms
2020-03-17 18:54:50:5450 - POST /api/users 200 76ms
2020-03-17 18:54:50:5450 - GET /api/users/user/me 200 3ms
2020-03-17 18:54:50:5450 - GET /api/users 200 2ms
